/bin/sh: /home/bbf3630/miniconda3/envs/selenium_env/lib/libreadline.so.8: no version information available (required by /bin/sh)
/bin/sh: /home/bbf3630/miniconda3/envs/selenium_env/lib/libreadline.so.8: no version information available (required by /bin/sh)
/bin/sh: /home/bbf3630/miniconda3/envs/selenium_env/lib/libreadline.so.8: no version information available (required by /bin/sh)
/bin/sh: /home/bbf3630/miniconda3/envs/selenium_env/lib/libreadline.so.8: no version information available (required by /bin/sh)
sh: /home/bbf3630/miniconda3/envs/selenium_env/lib/libreadline.so.8: no version information available (required by sh)
sh: /home/bbf3630/miniconda3/envs/selenium_env/lib/libreadline.so.8: no version information available (required by sh)
sh: /home/bbf3630/miniconda3/envs/selenium_env/lib/libreadline.so.8: no version information available (required by sh)
sh: /home/bbf3630/miniconda3/envs/selenium_env/lib/libreadline.so.8: no version information available (required by sh)
sh: /home/bbf3630/miniconda3/envs/selenium_env/lib/libreadline.so.8: no version information available (required by sh)
sh: /home/bbf3630/miniconda3/envs/selenium_env/lib/libreadline.so.8: no version information available (required by sh)
sh: /home/bbf3630/miniconda3/envs/selenium_env/lib/libreadline.so.8: no version information available (required by sh)
sh: /home/bbf3630/miniconda3/envs/selenium_env/lib/libreadline.so.8: no version information available (required by sh)
Starting runpisa.r with arguments: 101 111 ../PISA_data/PISA_results_Drosophila 
Processing PDBs from index 101 to 111
Creating environment wrapper script...
sh: /home/bbf3630/miniconda3/envs/selenium_env/lib/libreadline.so.8: no version information available (required by sh)
sh: /home/bbf3630/miniconda3/envs/selenium_env/lib/libreadline.so.8: no version information available (required by sh)
sh: /home/bbf3630/miniconda3/envs/selenium_env/lib/libreadline.so.8: no version information available (required by sh)
sh: /home/bbf3630/miniconda3/envs/selenium_env/lib/libreadline.so.8: no version information available (required by sh)
Processing PDB 101: 7Q4I
Running command: ./run_with_env.sh PisaAuto_id_marina.py 7Q4I ../PISA_data/PISA_results_Drosophila 
sh: /home/bbf3630/miniconda3/envs/selenium_env/lib/libreadline.so.8: no version information available (required by sh)
sh: /home/bbf3630/miniconda3/envs/selenium_env/lib/libreadline.so.8: no version information available (required by sh)
sh: /home/bbf3630/miniconda3/envs/selenium_env/lib/libreadline.so.8: no version information available (required by sh)
sh: /home/bbf3630/miniconda3/envs/selenium_env/lib/libreadline.so.8: no version information available (required by sh)
/bin/bash: /home/bbf3630/miniconda3/envs/selenium_env/lib/libreadline.so.8: no version information available (required by /bin/bash)
/bin/bash: /home/bbf3630/miniconda3/envs/selenium_env/lib/libreadline.so.8: no version information available (required by /bin/bash)
/bin/bash: /home/bbf3630/miniconda3/envs/selenium_env/lib/libreadline.so.8: no version information available (required by /bin/bash)
/bin/bash: /home/bbf3630/miniconda3/envs/selenium_env/lib/libreadline.so.8: no version information available (required by /bin/bash)
Processing 7Q4I
Interface 1/49
Interface 2/49
Interface 3/49
Interface 4/49
Interface 5/49
Interface 6/49
Interface 7/49
Interface 8/49
Interface 9/49
Interface 10/49
Interface 11/49
Interface 12/49
Interface 13/49
Interface 14/49
Interface 15/49
Interface 16/49
Interface 17/49
Interface 18/49
Interface 19/49
Interface 20/49
Interface 21/49
Interface 22/49
Interface 23/49
Interface 24/49
Interface 25/49
Interface 26/49
Interface 27/49
Interface 28/49
Interface 29/49
Interface 30/49
Interface 31/49
Interface 32/49
Interface 33/49
Interface 34/49
Interface 35/49
Interface 36/49
Interface 37/49
Interface 38/49
Interface 39/49
Interface 40/49
Interface 41/49
Interface 42/49
Interface 43/49
Interface 44/49
Interface 45/49
Interface 46/49
Interface 47/49
Interface 48/49
Interface 49/49
Processing PDB 102: 7SN8
Running command: ./run_with_env.sh PisaAuto_id_marina.py 7SN8 ../PISA_data/PISA_results_Drosophila 
sh: /home/bbf3630/miniconda3/envs/selenium_env/lib/libreadline.so.8: no version information available (required by sh)
sh: /home/bbf3630/miniconda3/envs/selenium_env/lib/libreadline.so.8: no version information available (required by sh)
sh: /home/bbf3630/miniconda3/envs/selenium_env/lib/libreadline.so.8: no version information available (required by sh)
sh: /home/bbf3630/miniconda3/envs/selenium_env/lib/libreadline.so.8: no version information available (required by sh)
/bin/bash: /home/bbf3630/miniconda3/envs/selenium_env/lib/libreadline.so.8: no version information available (required by /bin/bash)
/bin/bash: /home/bbf3630/miniconda3/envs/selenium_env/lib/libreadline.so.8: no version information available (required by /bin/bash)
/bin/bash: /home/bbf3630/miniconda3/envs/selenium_env/lib/libreadline.so.8: no version information available (required by /bin/bash)
/bin/bash: /home/bbf3630/miniconda3/envs/selenium_env/lib/libreadline.so.8: no version information available (required by /bin/bash)
Processing 7SN8
Interface 1/9
Interface 2/9
Interface 3/9
Interface 4/9
Interface 5/9
Interface 6/9
Interface 7/9
Interface 8/9
Interface 9/9
Processing PDB 103: 7ZHR
Running command: ./run_with_env.sh PisaAuto_id_marina.py 7ZHR ../PISA_data/PISA_results_Drosophila 
sh: /home/bbf3630/miniconda3/envs/selenium_env/lib/libreadline.so.8: no version information available (required by sh)
sh: /home/bbf3630/miniconda3/envs/selenium_env/lib/libreadline.so.8: no version information available (required by sh)
sh: /home/bbf3630/miniconda3/envs/selenium_env/lib/libreadline.so.8: no version information available (required by sh)
sh: /home/bbf3630/miniconda3/envs/selenium_env/lib/libreadline.so.8: no version information available (required by sh)
/bin/bash: /home/bbf3630/miniconda3/envs/selenium_env/lib/libreadline.so.8: no version information available (required by /bin/bash)
/bin/bash: /home/bbf3630/miniconda3/envs/selenium_env/lib/libreadline.so.8: no version information available (required by /bin/bash)
/bin/bash: /home/bbf3630/miniconda3/envs/selenium_env/lib/libreadline.so.8: no version information available (required by /bin/bash)
/bin/bash: /home/bbf3630/miniconda3/envs/selenium_env/lib/libreadline.so.8: no version information available (required by /bin/bash)
Processing 7ZHR
Interface 1/7
Interface 2/7
Interface 3/7
Interface 4/7
Interface 5/7
Interface 6/7
Interface 7/7
Processing PDB 104: 8A8Q
Running command: ./run_with_env.sh PisaAuto_id_marina.py 8A8Q ../PISA_data/PISA_results_Drosophila 
sh: /home/bbf3630/miniconda3/envs/selenium_env/lib/libreadline.so.8: no version information available (required by sh)
sh: /home/bbf3630/miniconda3/envs/selenium_env/lib/libreadline.so.8: no version information available (required by sh)
sh: /home/bbf3630/miniconda3/envs/selenium_env/lib/libreadline.so.8: no version information available (required by sh)
sh: /home/bbf3630/miniconda3/envs/selenium_env/lib/libreadline.so.8: no version information available (required by sh)
/bin/bash: /home/bbf3630/miniconda3/envs/selenium_env/lib/libreadline.so.8: no version information available (required by /bin/bash)
/bin/bash: /home/bbf3630/miniconda3/envs/selenium_env/lib/libreadline.so.8: no version information available (required by /bin/bash)
/bin/bash: /home/bbf3630/miniconda3/envs/selenium_env/lib/libreadline.so.8: no version information available (required by /bin/bash)
/bin/bash: /home/bbf3630/miniconda3/envs/selenium_env/lib/libreadline.so.8: no version information available (required by /bin/bash)
Processing 8A8Q
Interface 1/30
Interface 2/30
Interface 3/30
Interface 4/30
Interface 5/30
Interface 6/30
Interface 7/30
Interface 8/30
Interface 9/30
Interface 10/30
Interface 11/30
Interface 12/30
Interface 13/30
Interface 14/30
Interface 15/30
Interface 16/30
Interface 17/30
Interface 18/30
Interface 19/30
Interface 20/30
Interface 21/30
Interface 22/30
Interface 23/30
Interface 24/30
Interface 25/30
Interface 26/30
Interface 27/30
Interface 28/30
Interface 29/30
Interface 30/30
Processing PDB 105: 8CT8
Running command: ./run_with_env.sh PisaAuto_id_marina.py 8CT8 ../PISA_data/PISA_results_Drosophila 
sh: /home/bbf3630/miniconda3/envs/selenium_env/lib/libreadline.so.8: no version information available (required by sh)
sh: /home/bbf3630/miniconda3/envs/selenium_env/lib/libreadline.so.8: no version information available (required by sh)
sh: /home/bbf3630/miniconda3/envs/selenium_env/lib/libreadline.so.8: no version information available (required by sh)
sh: /home/bbf3630/miniconda3/envs/selenium_env/lib/libreadline.so.8: no version information available (required by sh)
/bin/bash: /home/bbf3630/miniconda3/envs/selenium_env/lib/libreadline.so.8: no version information available (required by /bin/bash)
/bin/bash: /home/bbf3630/miniconda3/envs/selenium_env/lib/libreadline.so.8: no version information available (required by /bin/bash)
/bin/bash: /home/bbf3630/miniconda3/envs/selenium_env/lib/libreadline.so.8: no version information available (required by /bin/bash)
/bin/bash: /home/bbf3630/miniconda3/envs/selenium_env/lib/libreadline.so.8: no version information available (required by /bin/bash)
Processing 8CT8
Interface 1/18
Interface 2/18
Interface 3/18
Interface 4/18
Interface 5/18
Interface 6/18
Interface 7/18
Interface 8/18
Interface 9/18
Interface 10/18
Interface 11/18
Interface 12/18
Interface 13/18
Interface 14/18
Interface 15/18
Interface 16/18
Interface 17/18
Interface 18/18
Processing PDB 106: 8D7P
Running command: ./run_with_env.sh PisaAuto_id_marina.py 8D7P ../PISA_data/PISA_results_Drosophila 
sh: /home/bbf3630/miniconda3/envs/selenium_env/lib/libreadline.so.8: no version information available (required by sh)
sh: /home/bbf3630/miniconda3/envs/selenium_env/lib/libreadline.so.8: no version information available (required by sh)
sh: /home/bbf3630/miniconda3/envs/selenium_env/lib/libreadline.so.8: no version information available (required by sh)
sh: /home/bbf3630/miniconda3/envs/selenium_env/lib/libreadline.so.8: no version information available (required by sh)
/bin/bash: /home/bbf3630/miniconda3/envs/selenium_env/lib/libreadline.so.8: no version information available (required by /bin/bash)
/bin/bash: /home/bbf3630/miniconda3/envs/selenium_env/lib/libreadline.so.8: no version information available (required by /bin/bash)
/bin/bash: /home/bbf3630/miniconda3/envs/selenium_env/lib/libreadline.so.8: no version information available (required by /bin/bash)
/bin/bash: /home/bbf3630/miniconda3/envs/selenium_env/lib/libreadline.so.8: no version information available (required by /bin/bash)
Processing 8D7P
Interface 1/12
Interface 2/12
Interface 3/12
Interface 4/12
Interface 5/12
Interface 6/12
Interface 7/12
Interface 8/12
Interface 9/12
Traceback (most recent call last):
  File "/cosybio/project/mabouzid/EEI_networks/EEI-Conservation-main/EEI-Drosophila/2-PISA-based/PisaAuto_id_marina.py", line 239, in <module>
    download_xmls(launch_pdb_id(start(), PDB_ID), PDB_ID, STR_DIR)
  File "/cosybio/project/mabouzid/EEI_networks/EEI-Conservation-main/EEI-Drosophila/2-PISA-based/PisaAuto_id_marina.py", line 222, in download_xmls
    driver.back()
  File "/home/bbf3630/miniconda3/envs/selenium_env/lib/python3.9/site-packages/selenium/webdriver/remote/webdriver.py", line 682, in back
    self.execute(Command.GO_BACK)
  File "/home/bbf3630/miniconda3/envs/selenium_env/lib/python3.9/site-packages/selenium/webdriver/remote/webdriver.py", line 429, in execute
    self.error_handler.check_response(response)
  File "/home/bbf3630/miniconda3/envs/selenium_env/lib/python3.9/site-packages/selenium/webdriver/remote/errorhandler.py", line 232, in check_response
    raise exception_class(message, screen, stacktrace)
selenium.common.exceptions.WebDriverException: Message: Reached error page: about:neterror?e=notCached&u=https%3A//www.ebi.ac.uk/msd-srv/prot_int/cgi-bin/piserver&c=UTF-8&d=This%20document%20is%20no%20longer%20available.
Stacktrace:
RemoteError@chrome://remote/content/shared/RemoteError.sys.mjs:8:8
WebDriverError@chrome://remote/content/shared/webdriver/Errors.sys.mjs:199:5
UnknownError@chrome://remote/content/shared/webdriver/Errors.sys.mjs:910:5
checkReadyState@chrome://remote/content/marionette/navigate.sys.mjs:58:24
onNavigation@chrome://remote/content/marionette/navigate.sys.mjs:347:39
emit@resource://gre/modules/EventEmitter.sys.mjs:148:20
receiveMessage@chrome://remote/content/marionette/actors/MarionetteEventsParent.sys.mjs:33:25

Error processing PDB: 8D7P 
Processing PDB 107: 8DKT
Running command: ./run_with_env.sh PisaAuto_id_marina.py 8DKT ../PISA_data/PISA_results_Drosophila 
sh: /home/bbf3630/miniconda3/envs/selenium_env/lib/libreadline.so.8: no version information available (required by sh)
sh: /home/bbf3630/miniconda3/envs/selenium_env/lib/libreadline.so.8: no version information available (required by sh)
sh: /home/bbf3630/miniconda3/envs/selenium_env/lib/libreadline.so.8: no version information available (required by sh)
sh: /home/bbf3630/miniconda3/envs/selenium_env/lib/libreadline.so.8: no version information available (required by sh)
/bin/bash: /home/bbf3630/miniconda3/envs/selenium_env/lib/libreadline.so.8: no version information available (required by /bin/bash)
/bin/bash: /home/bbf3630/miniconda3/envs/selenium_env/lib/libreadline.so.8: no version information available (required by /bin/bash)
/bin/bash: /home/bbf3630/miniconda3/envs/selenium_env/lib/libreadline.so.8: no version information available (required by /bin/bash)
/bin/bash: /home/bbf3630/miniconda3/envs/selenium_env/lib/libreadline.so.8: no version information available (required by /bin/bash)
Processing 8DKT
Interface 1/12
Interface 2/12
Interface 3/12
Interface 4/12
Interface 5/12
Interface 6/12
Interface 7/12
Interface 8/12
Interface 9/12
Interface 10/12
Interface 11/12
Interface 12/12
Processing PDB 108: 8EXW
Running command: ./run_with_env.sh PisaAuto_id_marina.py 8EXW ../PISA_data/PISA_results_Drosophila 
sh: /home/bbf3630/miniconda3/envs/selenium_env/lib/libreadline.so.8: no version information available (required by sh)
sh: /home/bbf3630/miniconda3/envs/selenium_env/lib/libreadline.so.8: no version information available (required by sh)
sh: /home/bbf3630/miniconda3/envs/selenium_env/lib/libreadline.so.8: no version information available (required by sh)
sh: /home/bbf3630/miniconda3/envs/selenium_env/lib/libreadline.so.8: no version information available (required by sh)
/bin/bash: /home/bbf3630/miniconda3/envs/selenium_env/lib/libreadline.so.8: no version information available (required by /bin/bash)
/bin/bash: /home/bbf3630/miniconda3/envs/selenium_env/lib/libreadline.so.8: no version information available (required by /bin/bash)
/bin/bash: /home/bbf3630/miniconda3/envs/selenium_env/lib/libreadline.so.8: no version information available (required by /bin/bash)
/bin/bash: /home/bbf3630/miniconda3/envs/selenium_env/lib/libreadline.so.8: no version information available (required by /bin/bash)
Processing 8EXW
Interface 1/15
Interface 2/15
Interface 3/15
Interface 4/15
Interface 5/15
Interface 6/15
Interface 7/15
Interface 8/15
Interface 9/15
Interface 10/15
Interface 11/15
Interface 12/15
Interface 13/15
Interface 14/15
Interface 15/15
Processing PDB 109: 8OIJ
Running command: ./run_with_env.sh PisaAuto_id_marina.py 8OIJ ../PISA_data/PISA_results_Drosophila 
sh: /home/bbf3630/miniconda3/envs/selenium_env/lib/libreadline.so.8: no version information available (required by sh)
sh: /home/bbf3630/miniconda3/envs/selenium_env/lib/libreadline.so.8: no version information available (required by sh)
sh: /home/bbf3630/miniconda3/envs/selenium_env/lib/libreadline.so.8: no version information available (required by sh)
sh: /home/bbf3630/miniconda3/envs/selenium_env/lib/libreadline.so.8: no version information available (required by sh)
/bin/bash: /home/bbf3630/miniconda3/envs/selenium_env/lib/libreadline.so.8: no version information available (required by /bin/bash)
/bin/bash: /home/bbf3630/miniconda3/envs/selenium_env/lib/libreadline.so.8: no version information available (required by /bin/bash)
/bin/bash: /home/bbf3630/miniconda3/envs/selenium_env/lib/libreadline.so.8: no version information available (required by /bin/bash)
/bin/bash: /home/bbf3630/miniconda3/envs/selenium_env/lib/libreadline.so.8: no version information available (required by /bin/bash)
Processing 8OIJ
Interface 1/24
Interface 2/24
Interface 3/24
Interface 4/24
Interface 5/24
Interface 6/24
Interface 7/24
Interface 8/24
Interface 9/24
Interface 10/24
Interface 11/24
Interface 12/24
Interface 13/24
Interface 14/24
Interface 15/24
Interface 16/24
Interface 17/24
Interface 18/24
Interface 19/24
Interface 20/24
Interface 21/24
Interface 22/24
Interface 23/24
Interface 24/24
Processing PDB 110: 8PP7
Running command: ./run_with_env.sh PisaAuto_id_marina.py 8PP7 ../PISA_data/PISA_results_Drosophila 
sh: /home/bbf3630/miniconda3/envs/selenium_env/lib/libreadline.so.8: no version information available (required by sh)
sh: /home/bbf3630/miniconda3/envs/selenium_env/lib/libreadline.so.8: no version information available (required by sh)
sh: /home/bbf3630/miniconda3/envs/selenium_env/lib/libreadline.so.8: no version information available (required by sh)
sh: /home/bbf3630/miniconda3/envs/selenium_env/lib/libreadline.so.8: no version information available (required by sh)
/bin/bash: /home/bbf3630/miniconda3/envs/selenium_env/lib/libreadline.so.8: no version information available (required by /bin/bash)
/bin/bash: /home/bbf3630/miniconda3/envs/selenium_env/lib/libreadline.so.8: no version information available (required by /bin/bash)
/bin/bash: /home/bbf3630/miniconda3/envs/selenium_env/lib/libreadline.so.8: no version information available (required by /bin/bash)
/bin/bash: /home/bbf3630/miniconda3/envs/selenium_env/lib/libreadline.so.8: no version information available (required by /bin/bash)
Processing 8PP7
Interface 1/50
Interface 2/50
Interface 3/50
Interface 4/50
Interface 5/50
Interface 6/50
Interface 7/50
Interface 8/50
Interface 9/50
Interface 10/50
Interface 11/50
Interface 12/50
Interface 13/50
Interface 14/50
Interface 15/50
Interface 16/50
Interface 17/50
Interface 18/50
Interface 19/50
Interface 20/50
Interface 21/50
Interface 22/50
Interface 23/50
Interface 24/50
Interface 25/50
Interface 26/50
Interface 27/50
Interface 28/50
Interface 29/50
Interface 30/50
Interface 31/50
Interface 32/50
Interface 33/50
Interface 34/50
Interface 35/50
Interface 36/50
Interface 37/50
Interface 38/50
Interface 39/50
Interface 40/50
Interface 41/50
Interface 42/50
Interface 43/50
Interface 44/50
Interface 45/50
Interface 46/50
Interface 47/50
Interface 48/50
Interface 49/50
Interface 50/50
Processing PDB 111: 8UX1
Running command: ./run_with_env.sh PisaAuto_id_marina.py 8UX1 ../PISA_data/PISA_results_Drosophila 
sh: /home/bbf3630/miniconda3/envs/selenium_env/lib/libreadline.so.8: no version information available (required by sh)
sh: /home/bbf3630/miniconda3/envs/selenium_env/lib/libreadline.so.8: no version information available (required by sh)
sh: /home/bbf3630/miniconda3/envs/selenium_env/lib/libreadline.so.8: no version information available (required by sh)
sh: /home/bbf3630/miniconda3/envs/selenium_env/lib/libreadline.so.8: no version information available (required by sh)
/bin/bash: /home/bbf3630/miniconda3/envs/selenium_env/lib/libreadline.so.8: no version information available (required by /bin/bash)
/bin/bash: /home/bbf3630/miniconda3/envs/selenium_env/lib/libreadline.so.8: no version information available (required by /bin/bash)
/bin/bash: /home/bbf3630/miniconda3/envs/selenium_env/lib/libreadline.so.8: no version information available (required by /bin/bash)
/bin/bash: /home/bbf3630/miniconda3/envs/selenium_env/lib/libreadline.so.8: no version information available (required by /bin/bash)
Processing 8UX1
Interface 1/43
Interface 2/43
Interface 3/43
Interface 4/43
Interface 5/43
Interface 6/43
Interface 7/43
Interface 8/43
Interface 9/43
Interface 10/43
Interface 11/43
Interface 12/43
Interface 13/43
Interface 14/43
Interface 15/43
Interface 16/43
Interface 17/43
Interface 18/43
Interface 19/43
Interface 20/43
Interface 21/43
Interface 22/43
Interface 23/43
Interface 24/43
Interface 25/43
Interface 26/43
Interface 27/43
Interface 28/43
Interface 29/43
Interface 30/43
Interface 31/43
Interface 32/43
Interface 33/43
Interface 34/43
Interface 35/43
Interface 36/43
Interface 37/43
Interface 38/43
Interface 39/43
Interface 40/43
Interface 41/43
Interface 42/43
Interface 43/43
sh: /home/bbf3630/miniconda3/envs/selenium_env/lib/libreadline.so.8: no version information available (required by sh)
sh: /home/bbf3630/miniconda3/envs/selenium_env/lib/libreadline.so.8: no version information available (required by sh)
sh: /home/bbf3630/miniconda3/envs/selenium_env/lib/libreadline.so.8: no version information available (required by sh)
sh: /home/bbf3630/miniconda3/envs/selenium_env/lib/libreadline.so.8: no version information available (required by sh)
