2025-04-10 12:26:47 INFO  - eppic version NA
2025-04-10 12:26:47 INFO  - Build git SHA: NA
2025-04-10 12:26:47 INFO  - Running in host mario
2025-04-10 12:26:47 INFO  - Loading user configuration file /home/bbf3630/.eppic.conf
2025-04-10 12:26:47 WARN  - Could not download chemical component file /cosybio/project/public_data/PDB_CIF/chemcomp/SER.cif.gz for SER. Error: /cosybio/project/public_data/PDB_CIF/chemcomp/SER.cif.gz. Now trying to use the local chemical component definitions.
2025-04-10 12:26:47 WARN  - Falling back to ReducedChemCompProvider for SER. This could indicate a network error.
2025-04-10 12:26:47 WARN  - Could not download chemical component file /cosybio/project/public_data/PDB_CIF/chemcomp/LEU.cif.gz for LEU. Error: /cosybio/project/public_data/PDB_CIF/chemcomp/LEU.cif.gz. Now trying to use the local chemical component definitions.
2025-04-10 12:26:47 WARN  - Falling back to ReducedChemCompProvider for LEU. This could indicate a network error.
2025-04-10 12:26:47 WARN  - Could not download chemical component file /cosybio/project/public_data/PDB_CIF/chemcomp/ASP.cif.gz for ASP. Error: /cosybio/project/public_data/PDB_CIF/chemcomp/ASP.cif.gz. Now trying to use the local chemical component definitions.
2025-04-10 12:26:47 WARN  - Falling back to ReducedChemCompProvider for ASP. This could indicate a network error.
2025-04-10 12:26:47 WARN  - Could not download chemical component file /cosybio/project/public_data/PDB_CIF/chemcomp/ILE.cif.gz for ILE. Error: /cosybio/project/public_data/PDB_CIF/chemcomp/ILE.cif.gz. Now trying to use the local chemical component definitions.
2025-04-10 12:26:47 WARN  - Falling back to ReducedChemCompProvider for ILE. This could indicate a network error.
2025-04-10 12:26:47 WARN  - Could not download chemical component file /cosybio/project/public_data/PDB_CIF/chemcomp/GLN.cif.gz for GLN. Error: /cosybio/project/public_data/PDB_CIF/chemcomp/GLN.cif.gz. Now trying to use the local chemical component definitions.
2025-04-10 12:26:47 WARN  - Falling back to ReducedChemCompProvider for GLN. This could indicate a network error.
2025-04-10 12:26:47 WARN  - Could not download chemical component file /cosybio/project/public_data/PDB_CIF/chemcomp/CYS.cif.gz for CYS. Error: /cosybio/project/public_data/PDB_CIF/chemcomp/CYS.cif.gz. Now trying to use the local chemical component definitions.
2025-04-10 12:26:47 WARN  - Falling back to ReducedChemCompProvider for CYS. This could indicate a network error.
2025-04-10 12:26:47 WARN  - Could not download chemical component file /cosybio/project/public_data/PDB_CIF/chemcomp/GLU.cif.gz for GLU. Error: /cosybio/project/public_data/PDB_CIF/chemcomp/GLU.cif.gz. Now trying to use the local chemical component definitions.
2025-04-10 12:26:47 WARN  - Falling back to ReducedChemCompProvider for GLU. This could indicate a network error.
2025-04-10 12:26:47 WARN  - Could not download chemical component file /cosybio/project/public_data/PDB_CIF/chemcomp/ALA.cif.gz for ALA. Error: /cosybio/project/public_data/PDB_CIF/chemcomp/ALA.cif.gz. Now trying to use the local chemical component definitions.
2025-04-10 12:26:47 WARN  - Falling back to ReducedChemCompProvider for ALA. This could indicate a network error.
2025-04-10 12:26:47 WARN  - Could not download chemical component file /cosybio/project/public_data/PDB_CIF/chemcomp/ARG.cif.gz for ARG. Error: /cosybio/project/public_data/PDB_CIF/chemcomp/ARG.cif.gz. Now trying to use the local chemical component definitions.
2025-04-10 12:26:47 WARN  - Falling back to ReducedChemCompProvider for ARG. This could indicate a network error.
2025-04-10 12:26:47 WARN  - Could not download chemical component file /cosybio/project/public_data/PDB_CIF/chemcomp/TRP.cif.gz for TRP. Error: /cosybio/project/public_data/PDB_CIF/chemcomp/TRP.cif.gz. Now trying to use the local chemical component definitions.
2025-04-10 12:26:47 WARN  - Falling back to ReducedChemCompProvider for TRP. This could indicate a network error.
2025-04-10 12:26:47 WARN  - Could not download chemical component file /cosybio/project/public_data/PDB_CIF/chemcomp/PRO.cif.gz for PRO. Error: /cosybio/project/public_data/PDB_CIF/chemcomp/PRO.cif.gz. Now trying to use the local chemical component definitions.
2025-04-10 12:26:47 WARN  - Falling back to ReducedChemCompProvider for PRO. This could indicate a network error.
2025-04-10 12:26:47 WARN  - Could not download chemical component file /cosybio/project/public_data/PDB_CIF/chemcomp/VAL.cif.gz for VAL. Error: /cosybio/project/public_data/PDB_CIF/chemcomp/VAL.cif.gz. Now trying to use the local chemical component definitions.
2025-04-10 12:26:47 WARN  - Falling back to ReducedChemCompProvider for VAL. This could indicate a network error.
2025-04-10 12:26:47 WARN  - Could not download chemical component file /cosybio/project/public_data/PDB_CIF/chemcomp/GLY.cif.gz for GLY. Error: /cosybio/project/public_data/PDB_CIF/chemcomp/GLY.cif.gz. Now trying to use the local chemical component definitions.
2025-04-10 12:26:47 WARN  - Falling back to ReducedChemCompProvider for GLY. This could indicate a network error.
2025-04-10 12:26:47 WARN  - Could not download chemical component file /cosybio/project/public_data/PDB_CIF/chemcomp/THR.cif.gz for THR. Error: /cosybio/project/public_data/PDB_CIF/chemcomp/THR.cif.gz. Now trying to use the local chemical component definitions.
2025-04-10 12:26:47 WARN  - Falling back to ReducedChemCompProvider for THR. This could indicate a network error.
2025-04-10 12:26:47 WARN  - Could not download chemical component file /cosybio/project/public_data/PDB_CIF/chemcomp/LYS.cif.gz for LYS. Error: /cosybio/project/public_data/PDB_CIF/chemcomp/LYS.cif.gz. Now trying to use the local chemical component definitions.
2025-04-10 12:26:47 WARN  - Falling back to ReducedChemCompProvider for LYS. This could indicate a network error.
2025-04-10 12:26:47 WARN  - Could not download chemical component file /cosybio/project/public_data/PDB_CIF/chemcomp/ASN.cif.gz for ASN. Error: /cosybio/project/public_data/PDB_CIF/chemcomp/ASN.cif.gz. Now trying to use the local chemical component definitions.
2025-04-10 12:26:47 WARN  - Falling back to ReducedChemCompProvider for ASN. This could indicate a network error.
2025-04-10 12:26:47 WARN  - Could not download chemical component file /cosybio/project/public_data/PDB_CIF/chemcomp/HIS.cif.gz for HIS. Error: /cosybio/project/public_data/PDB_CIF/chemcomp/HIS.cif.gz. Now trying to use the local chemical component definitions.
2025-04-10 12:26:47 WARN  - Falling back to ReducedChemCompProvider for HIS. This could indicate a network error.
2025-04-10 12:26:47 WARN  - Could not download chemical component file /cosybio/project/public_data/PDB_CIF/chemcomp/TYR.cif.gz for TYR. Error: /cosybio/project/public_data/PDB_CIF/chemcomp/TYR.cif.gz. Now trying to use the local chemical component definitions.
2025-04-10 12:26:47 WARN  - Falling back to ReducedChemCompProvider for TYR. This could indicate a network error.
2025-04-10 12:26:47 WARN  - Could not download chemical component file /cosybio/project/public_data/PDB_CIF/chemcomp/PHE.cif.gz for PHE. Error: /cosybio/project/public_data/PDB_CIF/chemcomp/PHE.cif.gz. Now trying to use the local chemical component definitions.
2025-04-10 12:26:47 WARN  - Falling back to ReducedChemCompProvider for PHE. This could indicate a network error.
2025-04-10 12:26:47 WARN  - Could not download chemical component file /cosybio/project/public_data/PDB_CIF/chemcomp/MET.cif.gz for MET. Error: /cosybio/project/public_data/PDB_CIF/chemcomp/MET.cif.gz. Now trying to use the local chemical component definitions.
2025-04-10 12:26:47 WARN  - Falling back to ReducedChemCompProvider for MET. This could indicate a network error.
2025-04-10 12:26:47 WARN  - Could not download chemical component file /cosybio/project/public_data/PDB_CIF/chemcomp/HOH.cif.gz for HOH. Error: /cosybio/project/public_data/PDB_CIF/chemcomp/HOH.cif.gz. Now trying to use the local chemical component definitions.
2025-04-10 12:26:47 WARN  - Falling back to ReducedChemCompProvider for HOH. This could indicate a network error.
2025-04-10 12:26:47 INFO  - Calculating possible interfaces
2025-04-10 12:26:47 INFO  - Calculating ASAs
2025-04-10 12:26:49 INFO  - Interfaces calculated with 3000 sphere points.
2025-04-10 12:26:49 INFO  - Calculating interface clusters
2025-04-10 12:26:49 INFO  - Interface clustering done: 10 interfaces - 9 clusters
2025-04-10 12:26:49 INFO  - Interface clusters: 1: 1 , 2: 2 3 , 3: 4 , 4: 5 , 5: 6 , 6: 7 , 7: 8 , 8: 9 , 9: 10 
2025-04-10 12:26:49 INFO  - Minimum ASA for a residue to be considered surface:  5
2025-04-10 12:26:49 INFO  - Found 8 vertices and 20 edges in unit cell
Edge 1 (1) between D0 (1) - A0 (1) [ 0, 0, 0]
Edge 1 (1) between D1 (1) - A1 (1) [ 0, 0, 0]
Edge 2 (2) between E0 (2) - D0 (1) [ 0, 0, 0]
Edge 2 (2) between E1 (2) - D1 (1) [ 0, 0, 0]
Edge 3 (2) between B0 (2) - A0 (1) [ 0, 0, 0]
Edge 3 (2) between B1 (2) - A1 (1) [ 0, 0, 0]
Edge 4 (3) between A0 (1) - E1 (2) [ 0,-1,-1]
Edge 4 (3) between A1 (1) - E0 (2) [ 0, 0, 1]
Edge 5 (4) between D0 (1) - D0 (1) [-1, 0, 0]
Edge 5 (4) between D1 (1) - D1 (1) [ 1, 0, 0]
Edge 6 (5) between A0 (1) - D1 (1) [ 0,-1,-1]
Edge 6 (5) between A1 (1) - D0 (1) [ 0, 0, 1]
Edge 7 (6) between B0 (2) - A1 (1) [ 0,-1, 0]
Edge 7 (6) between B1 (2) - A0 (1) [ 0, 0, 0]
Edge 8 (7) between B0 (2) - D1 (1) [ 0,-1, 0]
Edge 8 (7) between B1 (2) - D0 (1) [ 0, 0, 0]
Edge 9 (8) between A0 (1) - A0 (1) [-1, 0, 0]
Edge 9 (8) between A1 (1) - A1 (1) [ 1, 0, 0]
Edge 10 (9) between E0 (2) - A0 (1) [ 0, 0,-1]
Edge 10 (9) between E1 (2) - A1 (1) [ 0, 0, 1]

2025-04-10 12:26:49 INFO  - Assembly {2} contains heteromeric interfaces and no cycles, assuming it has closed-symmetry
2025-04-10 12:26:49 INFO  - Assembly {1,2} contains heteromeric interfaces and no cycles, assuming it has closed-symmetry
2025-04-10 12:26:49 INFO  - Assembly {1,2} contains heteromeric interfaces and no cycles, assuming it has closed-symmetry
2025-04-10 12:26:49 INFO  - Assembly {1} will not be clustered since it doesn't cover all entities
2025-04-10 12:26:49 INFO  - Assembly {} will not be clustered since it doesn't cover all entities
2025-04-10 12:26:49 INFO  - Number of assemblies before clustering: 4
2025-04-10 12:26:49 INFO  - Number of assembly groups: 3
2025-04-10 12:26:49 INFO  - Clustering assembly group: {2} 
2025-04-10 12:26:49 INFO  - Clustering assembly group: {1,2} 
2025-04-10 12:26:49 INFO  - Number of assemblies after clustering: 4
2025-04-10 12:26:49 INFO  - There are 4 topologically possible assemblies: {} {1} {2} {1,2} 
2025-04-10 12:26:49 INFO  - Unique sequences: A (C) B (D) 
2025-04-10 12:26:49 WARN  - Couldn't read UniProt release file /cosybio/project/public_data/Uniprot100/reldate.txt to find UniProt version
2025-04-10 12:26:49 INFO  - Using UniProt version unknown for blasting
2025-04-10 12:26:49 INFO  - Using UniProt version unknown
2025-04-10 12:26:49 INFO  - Opening remote UniProt REST API connection to retrieve UniProtKB data
2025-04-10 12:26:49 ERROR - Problems while retrieving query data: The SIFTS file does not seem to be in the right format. Line 3 does not have exactly 9 fields
